<?xml version="1.0" encoding="UTF-8"?>
<!-- Generated by org.testng.reporters.JUnitReportReporter -->
<testsuite skipped="0" hostname="DESKTOP-JBGFHP8" name="com.training.sanity.tests.AddProductWithoutLoginTest" tests="5" failures="0" timestamp="06 Nov 2019 10:30:01 GMT" time="35.076" errors="0">
  <testcase name="addProductWithoutLogin" time="15.160" classname="com.training.sanity.tests.AddProductWithoutLoginTest"/>
  <testcase name="validateCartMsgTest" time="3.701" classname="com.training.sanity.tests.AddProductWithoutLoginTest"/>
  <testcase name="clickViewCartBtnTest" time="10.471" classname="com.training.sanity.tests.AddProductWithoutLoginTest"/>
  <testcase name="clickChkoutBtnTest" time="5.081" classname="com.training.sanity.tests.AddProductWithoutLoginTest"/>
  <testcase name="getLoginPageTest" time="0.663" classname="com.training.sanity.tests.AddProductWithoutLoginTest"/>
</testsuite> <!-- com.training.sanity.tests.AddProductWithoutLoginTest -->
