<?xml version="1.0" encoding="UTF-8"?>
<!-- Generated by org.testng.reporters.JUnitReportReporter -->
<testsuite skipped="0" hostname="DESKTOP-JBGFHP8" name="com.training.sanity.tests.AddProductWithLoginTest" tests="12" failures="0" timestamp="06 Nov 2019 10:49:10 GMT" time="62.641" errors="0">
  <testcase name="Login" time="13.657" classname="com.training.sanity.tests.AddProductWithLoginTest"/>
  <testcase name="addProduct" time="19.346" classname="com.training.sanity.tests.AddProductWithLoginTest"/>
  <testcase name="validateCartMsgTest" time="1.567" classname="com.training.sanity.tests.AddProductWithLoginTest"/>
  <testcase name="clickViewCartBtnTest" time="10.727" classname="com.training.sanity.tests.AddProductWithLoginTest"/>
  <testcase name="clickChkoutBtnTest" time="4.132" classname="com.training.sanity.tests.AddProductWithLoginTest"/>
  <testcase name="clickContinueBtnTest" time="0.907" classname="com.training.sanity.tests.AddProductWithLoginTest"/>
  <testcase name="clickDeliveryBtnTest" time="2.053" classname="com.training.sanity.tests.AddProductWithLoginTest"/>
  <testcase name="enterCommenttextTest" time="1.894" classname="com.training.sanity.tests.AddProductWithLoginTest"/>
  <testcase name="clickChkboxbtnTest" time="2.652" classname="com.training.sanity.tests.AddProductWithLoginTest"/>
  <testcase name="clickPaymentBtnTest" time="0.268" classname="com.training.sanity.tests.AddProductWithLoginTest"/>
  <testcase name="clickConfirmOrderTest" time="1.848" classname="com.training.sanity.tests.AddProductWithLoginTest"/>
  <testcase name="validateconfirmMsgTest" time="3.590" classname="com.training.sanity.tests.AddProductWithLoginTest"/>
</testsuite> <!-- com.training.sanity.tests.AddProductWithLoginTest -->
