<?xml version="1.0" encoding="UTF-8"?>
<!-- Generated by org.testng.reporters.JUnitReportReporter -->
<testsuite skipped="0" hostname="DESKTOP-JBGFHP8" name="com.training.sanity.tests.EditTest" tests="2" failures="0" timestamp="04 Nov 2019 10:08:49 GMT" time="13.618" errors="0">
  <testcase name="validateEditLinkTest" time="0.435" classname="com.training.sanity.tests.EditTest"/>
  <testcase name="loginTest" time="13.183" classname="com.training.sanity.tests.EditTest"/>
</testsuite> <!-- com.training.sanity.tests.EditTest -->
