<?xml version="1.0" encoding="UTF-8"?>
<!-- Generated by org.testng.reporters.JUnitReportReporter -->
<testsuite skipped="0" hostname="DESKTOP-JBGFHP8" name="com.training.sanity.tests.InvalidLogin" tests="2" failures="0" timestamp="04 Nov 2019 10:11:12 GMT" time="6.831" errors="0">
  <testcase name="loginTest" time="6.411" classname="com.training.sanity.tests.InvalidLogin"/>
  <testcase name="validateInvalidloginTest" time="0.420" classname="com.training.sanity.tests.InvalidLogin"/>
</testsuite> <!-- com.training.sanity.tests.InvalidLogin -->
