<?xml version="1.0" encoding="UTF-8"?>
<!-- Generated by org.testng.reporters.JUnitReportReporter -->
<testsuite skipped="0" hostname="DESKTOP-JBGFHP8" name="com.training.sanity.tests.MyOrderLinkTest" tests="4" failures="0" timestamp="04 Nov 2019 10:05:07 GMT" time="16.124" errors="0">
  <testcase name="clickloginTest" time="6.402" classname="com.training.sanity.tests.MyOrderLinkTest"/>
  <testcase name="clickMyOrderLinkTest" time="3.239" classname="com.training.sanity.tests.MyOrderLinkTest"/>
  <testcase name="clickViewIconTest" time="6.082" classname="com.training.sanity.tests.MyOrderLinkTest"/>
  <testcase name="validateMyOrderLinkTest" time="0.401" classname="com.training.sanity.tests.MyOrderLinkTest"/>
</testsuite> <!-- com.training.sanity.tests.MyOrderLinkTest -->
