<?xml version="1.0" encoding="UTF-8"?>
<!-- Generated by org.testng.reporters.JUnitReportReporter -->
<testsuite skipped="0" hostname="DESKTOP-JBGFHP8" name="com.training.sanity.tests.AddProductWithoutLoginTest" tests="5" failures="0" timestamp="04 Nov 2019 10:24:41 GMT" time="22.413" errors="0">
  <testcase name="addProductWithoutLogin" time="5.404" classname="com.training.sanity.tests.AddProductWithoutLoginTest"/>
  <testcase name="validateCartMsgTest" time="0.692" classname="com.training.sanity.tests.AddProductWithoutLoginTest"/>
  <testcase name="clickViewCartBtnTest" time="12.419" classname="com.training.sanity.tests.AddProductWithoutLoginTest"/>
  <testcase name="clickChkoutBtnTest" time="3.414" classname="com.training.sanity.tests.AddProductWithoutLoginTest"/>
  <testcase name="getLoginPageTest" time="0.484" classname="com.training.sanity.tests.AddProductWithoutLoginTest"/>
</testsuite> <!-- com.training.sanity.tests.AddProductWithoutLoginTest -->
