<?xml version="1.0" encoding="UTF-8"?>
<!-- Generated by org.testng.reporters.JUnitReportReporter -->
<testsuite skipped="0" hostname="DESKTOP-JBGFHP8" name="com.training.sanity.tests.AddProductWithLoginTest" tests="12" failures="0" timestamp="04 Nov 2019 09:43:22 GMT" time="52.592" errors="0">
  <testcase name="Login" time="8.283" classname="com.training.sanity.tests.AddProductWithLoginTest"/>
  <testcase name="addProduct" time="15.665" classname="com.training.sanity.tests.AddProductWithLoginTest"/>
  <testcase name="validateCartMsgTest" time="0.479" classname="com.training.sanity.tests.AddProductWithLoginTest"/>
  <testcase name="clickViewCartBtnTest" time="13.122" classname="com.training.sanity.tests.AddProductWithLoginTest"/>
  <testcase name="clickChkoutBtnTest" time="4.375" classname="com.training.sanity.tests.AddProductWithLoginTest"/>
  <testcase name="clickContinueBtnTest" time="0.761" classname="com.training.sanity.tests.AddProductWithLoginTest"/>
  <testcase name="clickDeliveryBtnTest" time="1.100" classname="com.training.sanity.tests.AddProductWithLoginTest"/>
  <testcase name="enterCommenttextTest" time="1.394" classname="com.training.sanity.tests.AddProductWithLoginTest"/>
  <testcase name="clickChkboxbtnTest" time="1.733" classname="com.training.sanity.tests.AddProductWithLoginTest"/>
  <testcase name="clickPaymentBtnTest" time="0.070" classname="com.training.sanity.tests.AddProductWithLoginTest"/>
  <testcase name="clickConfirmOrderTest" time="1.551" classname="com.training.sanity.tests.AddProductWithLoginTest"/>
  <testcase name="validateconfirmMsgTest" time="4.059" classname="com.training.sanity.tests.AddProductWithLoginTest"/>
</testsuite> <!-- com.training.sanity.tests.AddProductWithLoginTest -->
