<?xml version="1.0" encoding="UTF-8"?>
<!-- Generated by org.testng.reporters.JUnitReportReporter -->
<testsuite skipped="0" hostname="DESKTOP-JBGFHP8" name="com.training.sanity.tests.ForgetPwdTest" tests="2" failures="0" timestamp="04 Nov 2019 10:02:39 GMT" time="13.036" errors="0">
  <testcase name="validateforgetPwdTest" time="12.661" classname="com.training.sanity.tests.ForgetPwdTest"/>
  <testcase name="validateResetmsgTest" time="0.375" classname="com.training.sanity.tests.ForgetPwdTest"/>
</testsuite> <!-- com.training.sanity.tests.ForgetPwdTest -->
