<?xml version="1.0" encoding="UTF-8"?>
<!-- Generated by org.testng.reporters.JUnitReportReporter -->
<testsuite skipped="0" hostname="DESKTOP-JBGFHP8" name="com.training.sanity.tests.RegisterTest" tests="2" failures="0" timestamp="04 Nov 2019 09:59:17 GMT" time="14.375" errors="0">
  <testcase name="createRegister" time="13.984" classname="com.training.sanity.tests.RegisterTest"/>
  <testcase name="validateRegister" time="0.391" classname="com.training.sanity.tests.RegisterTest"/>
</testsuite> <!-- com.training.sanity.tests.RegisterTest -->
